<?xml version="1.0" encoding="UTF-8"?>
<!-- Generated by org.testng.reporters.JUnitXMLReporter -->
<testsuite ignored="0" hostname="DESKTOP-LEKTSMN" failures="0" tests="3" name="chrome" time="42.968" errors="0" timestamp="2025-01-11T12:41:43 IST">
  <testcase classname="week6.day1.CreateLead" name="runCreateLead" time="5.671"/>
  <testcase classname="week6.day1.EditLead" name="runEditLead" time="10.448"/>
  <testcase classname="week6.day1.CreateLead" name="runCreateLead" time="5.931"/>
</testsuite> <!-- chrome -->
