<?xml version="1.0" encoding="UTF-8"?>
<!-- Generated by org.testng.reporters.JUnitXMLReporter -->
<testsuite ignored="0" hostname="DESKTOP-LEKTSMN" failures="0" tests="2" name="firfox" time="68.405" errors="0" timestamp="2025-01-11T12:42:52 IST">
  <testcase classname="week6.day1.MergeLead" name="runMergeLead" time="0.001">
    <skipped/>
  </testcase> <!-- runMergeLead -->
  <testcase classname="week6.day1.DeleteLead" name="runDeleteLead" time="0.001">
    <skipped/>
  </testcase> <!-- runDeleteLead -->
</testsuite> <!-- firfox -->
