<?xml version="1.0" encoding="UTF-8"?>
<!-- Generated by org.testng.reporters.JUnitXMLReporter -->
<testsuite ignored="0" hostname="DESKTOP-LEKTSMN" failures="0" tests="4" name="Test" time="43.69" errors="0" timestamp="2025-01-12T11:46:19 IST">
  <testcase classname="week6.day1.CreateLead" name="runCreateLead" time="4.778"/>
  <testcase classname="week6.day1.EditLead" name="runEditLead" time="7.815"/>
  <testcase classname="week6.day1.CreateLead" name="runCreateLead" time="4.59"/>
  <testcase classname="week6.day1.CreateLead" name="runCreateLead" time="4.598"/>
</testsuite> <!-- Test -->
