<?xml version="1.0" encoding="UTF-8"?>
<testng-results ignored="0" total="1" passed="1" failed="0" skipped="0">
  <reporter-output>
  </reporter-output>
  <suite started-at="2025-01-19T12:38:41 IST" name="Default suite" finished-at="2025-01-19T12:38:54 IST" duration-ms="12954">
    <groups>
    </groups>
    <test started-at="2025-01-19T12:38:41 IST" name="Default test" finished-at="2025-01-19T12:38:54 IST" duration-ms="12954">
      <class name="week7.day2.testcases.TC_001_Login">
        <test-method is-config="true" signature="preCondition()[pri:0, instance:week7.day2.testcases.TC_001_Login@4c163e3]" started-at="2025-01-19T12:38:41 IST" name="preCondition" finished-at="2025-01-19T12:38:52 IST" duration-ms="11189" status="PASS">
          <reporter-output>
          </reporter-output>
        </test-method> <!-- preCondition -->
        <test-method signature="login()[pri:0, instance:week7.day2.testcases.TC_001_Login@4c163e3]" started-at="2025-01-19T12:38:53 IST" name="login" finished-at="2025-01-19T12:38:54 IST" duration-ms="1127" status="PASS">
          <reporter-output>
          </reporter-output>
        </test-method> <!-- login -->
        <test-method is-config="true" signature="postCondition()[pri:0, instance:week7.day2.testcases.TC_001_Login@4c163e3]" started-at="2025-01-19T12:38:54 IST" name="postCondition" finished-at="2025-01-19T12:38:54 IST" duration-ms="501" status="PASS">
          <reporter-output>
          </reporter-output>
        </test-method> <!-- postCondition -->
      </class> <!-- week7.day2.testcases.TC_001_Login -->
    </test> <!-- Default test -->
  </suite> <!-- Default suite -->
</testng-results>
