<?xml version="1.0" encoding="UTF-8"?>
<testng-results ignored="0" total="2" passed="2" failed="0" skipped="0">
  <reporter-output>
  </reporter-output>
  <suite started-at="2025-01-05T12:18:55 IST" name="Suite" finished-at="2025-01-05T12:19:16 IST" duration-ms="21496">
    <groups>
    </groups>
    <test started-at="2025-01-05T12:18:55 IST" name="Test" finished-at="2025-01-05T12:19:16 IST" duration-ms="21496">
      <class name="week5.day2.CreateLead">
        <test-method signature="runCreateLead()[pri:0, instance:week5.day2.CreateLead@4d5650ae]" started-at="2025-01-05T12:18:55 IST" name="runCreateLead" finished-at="2025-01-05T12:19:15 IST" duration-ms="19666" status="PASS">
          <reporter-output>
          </reporter-output>
        </test-method> <!-- runCreateLead -->
      </class> <!-- week5.day2.CreateLead -->
      <class name="week5.day2.DeleteLead">
        <test-method signature="runDeleteLead()[pri:0, instance:week5.day2.DeleteLead@1a942c18]" started-at="2025-01-05T12:18:55 IST" name="runDeleteLead" finished-at="2025-01-05T12:19:16 IST" duration-ms="21444" status="PASS">
          <reporter-output>
          </reporter-output>
        </test-method> <!-- runDeleteLead -->
      </class> <!-- week5.day2.DeleteLead -->
    </test> <!-- Test -->
  </suite> <!-- Suite -->
</testng-results>
